2022-09-20 15:26:06,762 - fishTrade_main20220913.py[line:555] - INFO: 
                  ET网格智能交易系统3.0             
*************************版权声明***************************             
********************All Rights Reserved*********************             
软件开发：海易，需求订制联系微信：yyy99966             
优惠版：有效期30天，每分享一个好友，延长30天，10个延长一年

2022-09-20 15:26:06,763 - fishTrade_main20220913.py[line:142] - INFO: 初始参数设置:symbol=eth_usdt highPrice=1700.0 lowPrice=1500.0  step_num=70.0
2022-09-20 15:26:08,203 - fishTrade_main20220913.py[line:289] - ERROR: Traceback (most recent call last):
  File "E:/test_gateAPI/fishTrade_main20220913.py", line 167, in strategy
    self.market_price_tick["{}_{}".format(self.quote_cur,self.base_cur)].get("asks")[0]['p']
TypeError: 'NoneType' object is not subscriptable

2022-09-20 15:26:10,204 - fishTrade_main20220913.py[line:608] - ERROR: 'Cannot connect to proxy.', RemoteDisconnected('Remote end closed connection without response')
2022-09-20 15:26:11,894 - fishTrade_main20220913.py[line:289] - ERROR: Traceback (most recent call last):
  File "E:/test_gateAPI/fishTrade_main20220913.py", line 167, in strategy
    self.market_price_tick["{}_{}".format(self.quote_cur,self.base_cur)].get("asks")[0]['p']
TypeError: 'NoneType' object is not subscriptable

2022-09-20 15:26:13,895 - fishTrade_main20220913.py[line:608] - ERROR: 'Cannot connect to proxy.', RemoteDisconnected('Remote end closed connection without response')
2022-09-20 15:26:15,512 - fishTrade_main20220913.py[line:289] - ERROR: Traceback (most recent call last):
  File "E:/test_gateAPI/fishTrade_main20220913.py", line 167, in strategy
    self.market_price_tick["{}_{}".format(self.quote_cur,self.base_cur)].get("asks")[0]['p']
TypeError: 'NoneType' object is not subscriptable

2022-09-20 15:26:17,513 - fishTrade_main20220913.py[line:608] - ERROR: 'Cannot connect to proxy.', RemoteDisconnected('Remote end closed connection without response')
2022-09-20 15:26:19,494 - fishTrade_main20220913.py[line:289] - ERROR: Traceback (most recent call last):
  File "E:/test_gateAPI/fishTrade_main20220913.py", line 167, in strategy
    self.market_price_tick["{}_{}".format(self.quote_cur,self.base_cur)].get("asks")[0]['p']
TypeError: 'NoneType' object is not subscriptable

2022-09-20 15:26:21,494 - fishTrade_main20220913.py[line:608] - ERROR: 'Cannot connect to proxy.', RemoteDisconnected('Remote end closed connection without response')
2022-09-20 15:26:23,267 - fishTrade_main20220913.py[line:289] - ERROR: Traceback (most recent call last):
  File "E:/test_gateAPI/fishTrade_main20220913.py", line 167, in strategy
    self.market_price_tick["{}_{}".format(self.quote_cur,self.base_cur)].get("asks")[0]['p']
TypeError: 'NoneType' object is not subscriptable

