2022-09-18 23:59:58,512 - fishTrade_main20220913.py[line:554] - INFO: 
                  ET网格智能交易系统3.0             
*************************版权声明***************************             
********************All Rights Reserved*********************             
软件开发：海易，需求订制联系微信：yyy99966             
优惠版：有效期30天，每分享一个好友，延长30天，10个延长一年

2022-09-18 23:59:58,513 - fishTrade_main20220913.py[line:142] - INFO: 初始参数设置:symbol=usdt_eth highPrice=1700.0 lowPrice=1500.0  step_num=70.0
2022-09-18 23:59:59,125 - fishTrade_main20220913.py[line:288] - ERROR: Traceback (most recent call last):
  File "E:\GitHub_rep\test_gateAPI\fishTrade_main20220913.py", line 167, in strategy
    self.market_price_tick["{0}_{1}".format(self.base_cur, self.quote_cur)].get("asks")[0][0]
AttributeError: 'NoneType' object has no attribute 'get'

2022-09-19 00:00:01,127 - fishTrade_main20220913.py[line:606] - ERROR: 'Cannot connect to proxy.', RemoteDisconnected('Remote end closed connection without response')
2022-09-19 00:00:02,243 - fishTrade_main20220913.py[line:288] - ERROR: Traceback (most recent call last):
  File "E:\GitHub_rep\test_gateAPI\fishTrade_main20220913.py", line 167, in strategy
    self.market_price_tick["{0}_{1}".format(self.base_cur, self.quote_cur)].get("asks")[0][0]
AttributeError: 'NoneType' object has no attribute 'get'

2022-09-19 00:00:04,251 - fishTrade_main20220913.py[line:606] - ERROR: 'Cannot connect to proxy.', RemoteDisconnected('Remote end closed connection without response')
2022-09-19 00:00:04,924 - fishTrade_main20220913.py[line:288] - ERROR: Traceback (most recent call last):
  File "E:\GitHub_rep\test_gateAPI\fishTrade_main20220913.py", line 167, in strategy
    self.market_price_tick["{0}_{1}".format(self.base_cur, self.quote_cur)].get("asks")[0][0]
AttributeError: 'NoneType' object has no attribute 'get'

