2022-09-25 23:22:51,948 - fishTrade_main20220913.py[line:583] - INFO: 
                  ET网格智能交易系统3.0             
*************************版权声明***************************             
********************All Rights Reserved*********************             
软件开发：海易，需求订制联系微信：yyy99966             
优惠版：有效期30天，每分享一个好友，延长30天，10个延长一年

2022-09-25 23:22:51,948 - fishTrade_main20220913.py[line:147] - INFO: 初始参数设置:symbol=eth_usdt highPrice=1700.0 lowPrice=1200.0  step_num=70.0
2022-09-25 23:22:53,961 - fishTrade_main20220913.py[line:372] - INFO: 多单开仓 size:0.1
2022-09-25 23:22:53,962 - fishTrade_main20220913.py[line:299] - ERROR: Traceback (most recent call last):
  File "E:\GitHub_rep\test_gateAPI\fishTrade_main20220913.py", line 250, in strategy
    res = self.buy_enter(huobi_market, market_buy_size)
  File "E:\GitHub_rep\test_gateAPI\fishTrade_main20220913.py", line 375, in buy_enter
    price=self.market_price_tick["{0}_{1}".format(self.quote_cur, self.base_cur)].get("asks")[0][0],
KeyError: 0

2022-09-25 23:22:55,966 - fishTrade_main20220913.py[line:637] - ERROR: 'Cannot connect to proxy.', RemoteDisconnected('Remote end closed connection without response')
2022-09-25 23:22:57,793 - fishTrade_main20220913.py[line:372] - INFO: 多单开仓 size:0.1
2022-09-25 23:22:57,793 - fishTrade_main20220913.py[line:299] - ERROR: Traceback (most recent call last):
  File "E:\GitHub_rep\test_gateAPI\fishTrade_main20220913.py", line 250, in strategy
    res = self.buy_enter(huobi_market, market_buy_size)
  File "E:\GitHub_rep\test_gateAPI\fishTrade_main20220913.py", line 375, in buy_enter
    price=self.market_price_tick["{0}_{1}".format(self.quote_cur, self.base_cur)].get("asks")[0][0],
KeyError: 0

2022-09-25 23:22:59,797 - fishTrade_main20220913.py[line:637] - ERROR: 'Cannot connect to proxy.', RemoteDisconnected('Remote end closed connection without response')
2022-09-25 23:23:01,719 - fishTrade_main20220913.py[line:372] - INFO: 多单开仓 size:0.1
2022-09-25 23:23:01,720 - fishTrade_main20220913.py[line:299] - ERROR: Traceback (most recent call last):
  File "E:\GitHub_rep\test_gateAPI\fishTrade_main20220913.py", line 250, in strategy
    res = self.buy_enter(huobi_market, market_buy_size)
  File "E:\GitHub_rep\test_gateAPI\fishTrade_main20220913.py", line 375, in buy_enter
    price=self.market_price_tick["{0}_{1}".format(self.quote_cur, self.base_cur)].get("asks")[0][0],
KeyError: 0

2022-09-25 23:23:03,725 - fishTrade_main20220913.py[line:637] - ERROR: 'Cannot connect to proxy.', RemoteDisconnected('Remote end closed connection without response')
2022-09-25 23:23:06,120 - fishTrade_main20220913.py[line:372] - INFO: 多单开仓 size:0.1
2022-09-25 23:23:06,120 - fishTrade_main20220913.py[line:299] - ERROR: Traceback (most recent call last):
  File "E:\GitHub_rep\test_gateAPI\fishTrade_main20220913.py", line 250, in strategy
    res = self.buy_enter(huobi_market, market_buy_size)
  File "E:\GitHub_rep\test_gateAPI\fishTrade_main20220913.py", line 375, in buy_enter
    price=self.market_price_tick["{0}_{1}".format(self.quote_cur, self.base_cur)].get("asks")[0][0],
KeyError: 0

2022-09-25 23:23:08,131 - fishTrade_main20220913.py[line:637] - ERROR: 'Cannot connect to proxy.', RemoteDisconnected('Remote end closed connection without response')
2022-09-25 23:23:09,882 - fishTrade_main20220913.py[line:372] - INFO: 多单开仓 size:0.1
2022-09-25 23:23:09,882 - fishTrade_main20220913.py[line:299] - ERROR: Traceback (most recent call last):
  File "E:\GitHub_rep\test_gateAPI\fishTrade_main20220913.py", line 250, in strategy
    res = self.buy_enter(huobi_market, market_buy_size)
  File "E:\GitHub_rep\test_gateAPI\fishTrade_main20220913.py", line 375, in buy_enter
    price=self.market_price_tick["{0}_{1}".format(self.quote_cur, self.base_cur)].get("asks")[0][0],
KeyError: 0

