2022-09-20 16:59:29,186 - fishTrade_main20220913.py[line:559] - INFO: 
                  ET网格智能交易系统3.0             
*************************版权声明***************************             
********************All Rights Reserved*********************             
软件开发：海易，需求订制联系微信：yyy99966             
优惠版：有效期30天，每分享一个好友，延长30天，10个延长一年

2022-09-20 16:59:29,187 - fishTrade_main20220913.py[line:142] - INFO: 初始参数设置:symbol=eth_usdt highPrice=1700.0 lowPrice=1500.0  step_num=70.0
2022-09-20 16:59:32,356 - fishTrade_main20220913.py[line:293] - ERROR: Traceback (most recent call last):
  File "E:/test_gateAPI/fishTrade_main20220913.py", line 190, in strategy
    buylots_avl=self.get_currency_available(huobi_market,self.quote_cur)/closePrice
TypeError: unsupported operand type(s) for /: 'str' and 'float'

2022-09-20 16:59:34,357 - fishTrade_main20220913.py[line:612] - ERROR: 'Cannot connect to proxy.', RemoteDisconnected('Remote end closed connection without response')
2022-09-20 16:59:37,205 - fishTrade_main20220913.py[line:293] - ERROR: Traceback (most recent call last):
  File "E:/test_gateAPI/fishTrade_main20220913.py", line 190, in strategy
    buylots_avl=self.get_currency_available(huobi_market,self.quote_cur)/closePrice
TypeError: unsupported operand type(s) for /: 'str' and 'float'

2022-09-20 16:59:39,205 - fishTrade_main20220913.py[line:612] - ERROR: 'Cannot connect to proxy.', RemoteDisconnected('Remote end closed connection without response')
2022-09-20 16:59:41,742 - fishTrade_main20220913.py[line:293] - ERROR: Traceback (most recent call last):
  File "E:/test_gateAPI/fishTrade_main20220913.py", line 190, in strategy
    buylots_avl=self.get_currency_available(huobi_market,self.quote_cur)/closePrice
TypeError: unsupported operand type(s) for /: 'str' and 'float'

2022-09-20 16:59:43,743 - fishTrade_main20220913.py[line:612] - ERROR: 'Cannot connect to proxy.', RemoteDisconnected('Remote end closed connection without response')
