2022-09-19 00:13:41,687 - fishTrade_main20220913.py[line:554] - INFO: 
                  ET网格智能交易系统3.0             
*************************版权声明***************************             
********************All Rights Reserved*********************             
软件开发：海易，需求订制联系微信：yyy99966             
优惠版：有效期30天，每分享一个好友，延长30天，10个延长一年

2022-09-19 00:13:41,687 - fishTrade_main20220913.py[line:142] - INFO: 初始参数设置:symbol=usdt_eth highPrice=1700.0 lowPrice=1500.0  step_num=70.0
2022-09-19 00:18:55,380 - fishTrade_main20220913.py[line:288] - ERROR: Traceback (most recent call last):
  File "E:/GitHub_rep/test_gateAPI/fishTrade_main20220913.py", line 165, in strategy
    print(huobi_market.market_detail(self.base_cur, self.quote_cur))
  File "E:/GitHub_rep/test_gateAPI/fishTrade_main20220913.py", line 165, in strategy
    print(huobi_market.market_detail(self.base_cur, self.quote_cur))
  File "_pydevd_bundle\pydevd_cython_win32_310_64.pyx", line 1179, in _pydevd_bundle.pydevd_cython_win32_310_64.SafeCallWrapper.__call__
  File "_pydevd_bundle\pydevd_cython_win32_310_64.pyx", line 620, in _pydevd_bundle.pydevd_cython_win32_310_64.PyDBFrame.trace_dispatch
  File "_pydevd_bundle\pydevd_cython_win32_310_64.pyx", line 1095, in _pydevd_bundle.pydevd_cython_win32_310_64.PyDBFrame.trace_dispatch
  File "_pydevd_bundle\pydevd_cython_win32_310_64.pyx", line 1057, in _pydevd_bundle.pydevd_cython_win32_310_64.PyDBFrame.trace_dispatch
  File "_pydevd_bundle\pydevd_cython_win32_310_64.pyx", line 317, in _pydevd_bundle.pydevd_cython_win32_310_64.PyDBFrame.do_wait_suspend
  File "E:\PyCharm Community Edition 2022.2.1\plugins\python-ce\helpers\pydev\pydevd.py", line 1160, in do_wait_suspend
    self._do_wait_suspend(thread, frame, event, arg, suspend_type, from_this_thread)
  File "E:\PyCharm Community Edition 2022.2.1\plugins\python-ce\helpers\pydev\pydevd.py", line 1175, in _do_wait_suspend
    time.sleep(0.01)
KeyboardInterrupt

2022-09-19 00:18:55,381 - fishTrade_main20220913.py[line:606] - ERROR: 'Cannot connect to proxy.', RemoteDisconnected('Remote end closed connection without response')
2022-09-19 00:18:56,301 - fishTrade_main20220913.py[line:288] - ERROR: Traceback (most recent call last):
  File "E:/GitHub_rep/test_gateAPI/fishTrade_main20220913.py", line 167, in strategy
    self.market_price_tick["{1}_{0}".format(self.base_cur, self.quote_cur)].get("asks")[0][0]
KeyError: 'eth_usdt'

2022-09-19 00:18:56,301 - fishTrade_main20220913.py[line:606] - ERROR: 'Cannot connect to proxy.', RemoteDisconnected('Remote end closed connection without response')
2022-09-19 00:18:57,519 - fishTrade_main20220913.py[line:288] - ERROR: Traceback (most recent call last):
  File "E:/GitHub_rep/test_gateAPI/fishTrade_main20220913.py", line 167, in strategy
    self.market_price_tick["{1}_{0}".format(self.base_cur, self.quote_cur)].get("asks")[0][0]
KeyError: 'eth_usdt'

2022-09-19 00:18:57,519 - fishTrade_main20220913.py[line:606] - ERROR: 'Cannot connect to proxy.', RemoteDisconnected('Remote end closed connection without response')
2022-09-19 00:18:58,489 - fishTrade_main20220913.py[line:288] - ERROR: Traceback (most recent call last):
  File "E:/GitHub_rep/test_gateAPI/fishTrade_main20220913.py", line 167, in strategy
    self.market_price_tick["{1}_{0}".format(self.base_cur, self.quote_cur)].get("asks")[0][0]
KeyError: 'eth_usdt'

2022-09-19 00:18:58,489 - fishTrade_main20220913.py[line:606] - ERROR: 'Cannot connect to proxy.', RemoteDisconnected('Remote end closed connection without response')
