2022-09-24 10:46:05,991 - fishTrade_main20220913.py[line:559] - INFO: 
                  ET网格智能交易系统3.0             
*************************版权声明***************************             
********************All Rights Reserved*********************             
软件开发：海易，需求订制联系微信：yyy99966             
优惠版：有效期30天，每分享一个好友，延长30天，10个延长一年

2022-09-24 10:46:05,992 - fishTrade_main20220913.py[line:142] - INFO: 初始参数设置:symbol=eth_usdt highPrice=1700.0 lowPrice=1500.0  step_num=70.0
2022-09-24 10:46:07,697 - fishTrade_main20220913.py[line:293] - ERROR: Traceback (most recent call last):
  File "E:\GitHub_rep\test_gateAPI\fishTrade_main20220913.py", line 200, in strategy
    lastOrderPrice,amount,_type=huobi_market.get_last_order_price(symbol)
  File "E:\GitHub_rep\test_gateAPI\marketHelper1005.py", line 236, in get_last_order_price
    result = self.get_orders_history(symbol)
  File "E:\GitHub_rep\test_gateAPI\marketHelper1005.py", line 270, in get_orders_history
    result = util.future_api.get_closed_posHistories(symbol)
  File "E:\GitHub_rep\test_gateAPI\util\future_api.py", line 238, in get_closed_posHistories
    sign_headers = gen_sign('GET', prefix + url, query_param,body)
NameError: name 'body' is not defined

2022-09-24 10:46:09,704 - fishTrade_main20220913.py[line:612] - ERROR: 'Cannot connect to proxy.', RemoteDisconnected('Remote end closed connection without response')
2022-09-24 10:46:11,349 - fishTrade_main20220913.py[line:293] - ERROR: Traceback (most recent call last):
  File "E:\GitHub_rep\test_gateAPI\fishTrade_main20220913.py", line 200, in strategy
    lastOrderPrice,amount,_type=huobi_market.get_last_order_price(symbol)
  File "E:\GitHub_rep\test_gateAPI\marketHelper1005.py", line 236, in get_last_order_price
    result = self.get_orders_history(symbol)
  File "E:\GitHub_rep\test_gateAPI\marketHelper1005.py", line 270, in get_orders_history
    result = util.future_api.get_closed_posHistories(symbol)
  File "E:\GitHub_rep\test_gateAPI\util\future_api.py", line 238, in get_closed_posHistories
    sign_headers = gen_sign('GET', prefix + url, query_param,body)
NameError: name 'body' is not defined

2022-09-24 10:46:13,362 - fishTrade_main20220913.py[line:612] - ERROR: 'Cannot connect to proxy.', RemoteDisconnected('Remote end closed connection without response')
2022-09-24 10:46:15,011 - fishTrade_main20220913.py[line:293] - ERROR: Traceback (most recent call last):
  File "E:\GitHub_rep\test_gateAPI\fishTrade_main20220913.py", line 200, in strategy
    lastOrderPrice,amount,_type=huobi_market.get_last_order_price(symbol)
  File "E:\GitHub_rep\test_gateAPI\marketHelper1005.py", line 236, in get_last_order_price
    result = self.get_orders_history(symbol)
  File "E:\GitHub_rep\test_gateAPI\marketHelper1005.py", line 270, in get_orders_history
    result = util.future_api.get_closed_posHistories(symbol)
  File "E:\GitHub_rep\test_gateAPI\util\future_api.py", line 238, in get_closed_posHistories
    sign_headers = gen_sign('GET', prefix + url, query_param,body)
NameError: name 'body' is not defined

