2022-09-24 10:16:13,422 - fishTrade_main20220913.py[line:559] - INFO: 
                  ET网格智能交易系统3.0             
*************************版权声明***************************             
********************All Rights Reserved*********************             
软件开发：海易，需求订制联系微信：yyy99966             
优惠版：有效期30天，每分享一个好友，延长30天，10个延长一年

2022-09-24 10:16:13,422 - fishTrade_main20220913.py[line:142] - INFO: 初始参数设置:symbol=eth_usdt highPrice=1700.0 lowPrice=1500.0  step_num=70.0
2022-09-24 10:16:15,069 - fishTrade_main20220913.py[line:293] - ERROR: Traceback (most recent call last):
  File "E:\GitHub_rep\test_gateAPI\fishTrade_main20220913.py", line 200, in strategy
    lastOrderPrice,amount,_type=huobi_market.get_last_order_price(symbol)
TypeError: cannot unpack non-iterable NoneType object

2022-09-24 10:16:17,082 - fishTrade_main20220913.py[line:612] - ERROR: 'Cannot connect to proxy.', RemoteDisconnected('Remote end closed connection without response')
2022-09-24 10:16:18,857 - fishTrade_main20220913.py[line:293] - ERROR: Traceback (most recent call last):
  File "E:\GitHub_rep\test_gateAPI\fishTrade_main20220913.py", line 200, in strategy
    lastOrderPrice,amount,_type=huobi_market.get_last_order_price(symbol)
TypeError: cannot unpack non-iterable NoneType object

2022-09-24 10:16:20,873 - fishTrade_main20220913.py[line:612] - ERROR: 'Cannot connect to proxy.', RemoteDisconnected('Remote end closed connection without response')
2022-09-24 10:16:22,687 - fishTrade_main20220913.py[line:293] - ERROR: Traceback (most recent call last):
  File "E:\GitHub_rep\test_gateAPI\fishTrade_main20220913.py", line 200, in strategy
    lastOrderPrice,amount,_type=huobi_market.get_last_order_price(symbol)
TypeError: cannot unpack non-iterable NoneType object

2022-09-24 10:16:24,696 - fishTrade_main20220913.py[line:612] - ERROR: 'Cannot connect to proxy.', RemoteDisconnected('Remote end closed connection without response')
2022-09-24 10:16:26,668 - fishTrade_main20220913.py[line:293] - ERROR: Traceback (most recent call last):
  File "E:\GitHub_rep\test_gateAPI\fishTrade_main20220913.py", line 200, in strategy
    lastOrderPrice,amount,_type=huobi_market.get_last_order_price(symbol)
TypeError: cannot unpack non-iterable NoneType object

2022-09-24 10:16:28,677 - fishTrade_main20220913.py[line:612] - ERROR: 'Cannot connect to proxy.', RemoteDisconnected('Remote end closed connection without response')
2022-09-24 10:16:30,202 - fishTrade_main20220913.py[line:293] - ERROR: Traceback (most recent call last):
  File "E:\GitHub_rep\test_gateAPI\fishTrade_main20220913.py", line 200, in strategy
    lastOrderPrice,amount,_type=huobi_market.get_last_order_price(symbol)
TypeError: cannot unpack non-iterable NoneType object

2022-09-24 10:16:32,213 - fishTrade_main20220913.py[line:612] - ERROR: 'Cannot connect to proxy.', RemoteDisconnected('Remote end closed connection without response')
2022-09-24 10:16:33,854 - fishTrade_main20220913.py[line:293] - ERROR: Traceback (most recent call last):
  File "E:\GitHub_rep\test_gateAPI\fishTrade_main20220913.py", line 200, in strategy
    lastOrderPrice,amount,_type=huobi_market.get_last_order_price(symbol)
TypeError: cannot unpack non-iterable NoneType object

2022-09-24 10:16:35,869 - fishTrade_main20220913.py[line:612] - ERROR: 'Cannot connect to proxy.', RemoteDisconnected('Remote end closed connection without response')
2022-09-24 10:16:37,580 - fishTrade_main20220913.py[line:293] - ERROR: Traceback (most recent call last):
  File "E:\GitHub_rep\test_gateAPI\fishTrade_main20220913.py", line 200, in strategy
    lastOrderPrice,amount,_type=huobi_market.get_last_order_price(symbol)
TypeError: cannot unpack non-iterable NoneType object

2022-09-24 10:16:39,595 - fishTrade_main20220913.py[line:612] - ERROR: 'Cannot connect to proxy.', RemoteDisconnected('Remote end closed connection without response')
2022-09-24 10:16:41,377 - fishTrade_main20220913.py[line:293] - ERROR: Traceback (most recent call last):
  File "E:\GitHub_rep\test_gateAPI\fishTrade_main20220913.py", line 200, in strategy
    lastOrderPrice,amount,_type=huobi_market.get_last_order_price(symbol)
TypeError: cannot unpack non-iterable NoneType object

