2022-09-25 23:16:43,881 - fishTrade_main20220913.py[line:584] - INFO: 
                  ET网格智能交易系统3.0             
*************************版权声明***************************             
********************All Rights Reserved*********************             
软件开发：海易，需求订制联系微信：yyy99966             
优惠版：有效期30天，每分享一个好友，延长30天，10个延长一年

2022-09-25 23:16:43,882 - fishTrade_main20220913.py[line:147] - INFO: 初始参数设置:symbol=eth_usdt highPrice=1700.0 lowPrice=1200.0  step_num=70.0
2022-09-25 23:16:45,676 - fishTrade_main20220913.py[line:372] - INFO: 多单开仓 size:0.1
2022-09-25 23:16:45,677 - fishTrade_main20220913.py[line:299] - ERROR: Traceback (most recent call last):
  File "E:\GitHub_rep\test_gateAPI\fishTrade_main20220913.py", line 250, in strategy
    res = self.buy_enter(huobi_market, market_buy_size)
  File "E:\GitHub_rep\test_gateAPI\fishTrade_main20220913.py", line 375, in buy_enter
    price=self.market_price_tick[
KeyError: 0

2022-09-25 23:16:47,688 - fishTrade_main20220913.py[line:638] - ERROR: 'Cannot connect to proxy.', RemoteDisconnected('Remote end closed connection without response')
2022-09-25 23:16:49,479 - fishTrade_main20220913.py[line:372] - INFO: 多单开仓 size:0.1
2022-09-25 23:16:49,479 - fishTrade_main20220913.py[line:299] - ERROR: Traceback (most recent call last):
  File "E:\GitHub_rep\test_gateAPI\fishTrade_main20220913.py", line 250, in strategy
    res = self.buy_enter(huobi_market, market_buy_size)
  File "E:\GitHub_rep\test_gateAPI\fishTrade_main20220913.py", line 375, in buy_enter
    price=self.market_price_tick[
KeyError: 0

2022-09-25 23:16:51,488 - fishTrade_main20220913.py[line:638] - ERROR: 'Cannot connect to proxy.', RemoteDisconnected('Remote end closed connection without response')
2022-09-25 23:16:55,065 - fishTrade_main20220913.py[line:372] - INFO: 多单开仓 size:0.1
2022-09-25 23:16:55,066 - fishTrade_main20220913.py[line:299] - ERROR: Traceback (most recent call last):
  File "E:\GitHub_rep\test_gateAPI\fishTrade_main20220913.py", line 250, in strategy
    res = self.buy_enter(huobi_market, market_buy_size)
  File "E:\GitHub_rep\test_gateAPI\fishTrade_main20220913.py", line 375, in buy_enter
    price=self.market_price_tick[
KeyError: 0

2022-09-25 23:16:57,073 - fishTrade_main20220913.py[line:638] - ERROR: 'Cannot connect to proxy.', RemoteDisconnected('Remote end closed connection without response')
2022-09-25 23:16:59,924 - fishTrade_main20220913.py[line:299] - ERROR: Traceback (most recent call last):
  File "E:\GitHub_rep\test_gateAPI\fishTrade_main20220913.py", line 196, in strategy
    buylots_avl = self.get_currency_available(huobi_market, self.quote_cur) / closePrice
  File "E:\GitHub_rep\test_gateAPI\fishTrade_main20220913.py", line 559, in get_currency_available
    cur_availalbe = market.account_available(curPara)
  File "E:\GitHub_rep\test_gateAPI\marketHelper1005.py", line 78, in account_available
    r = self.update_marketInfo()
  File "E:\GitHub_rep\test_gateAPI\marketHelper1005.py", line 55, in update_marketInfo
    acc_obj = Market()
  File "E:\GitHub_rep\test_gateAPI\marketHelper1005.py", line 42, in __init__
    r = requests.request('GET', acfg.gateApi + prefix + url, headers=headers)
  File "D:\Python\lib\site-packages\requests\api.py", line 59, in request
    return session.request(method=method, url=url, **kwargs)
  File "D:\Python\lib\site-packages\requests\sessions.py", line 587, in request
    resp = self.send(prep, **send_kwargs)
  File "D:\Python\lib\site-packages\requests\sessions.py", line 745, in send
    r.content
  File "D:\Python\lib\site-packages\requests\models.py", line 899, in content
    self._content = b"".join(self.iter_content(CONTENT_CHUNK_SIZE)) or b""
  File "D:\Python\lib\site-packages\requests\models.py", line 816, in generate
    yield from self.raw.stream(chunk_size, decode_content=True)
  File "D:\Python\lib\site-packages\urllib3\response.py", line 623, in stream
    for line in self.read_chunked(amt, decode_content=decode_content):
  File "D:\Python\lib\site-packages\urllib3\response.py", line 815, in read_chunked
    self._update_chunk_length()
  File "D:\Python\lib\site-packages\urllib3\response.py", line 745, in _update_chunk_length
    line = self._fp.fp.readline()
  File "D:\Python\lib\socket.py", line 705, in readinto
    return self._sock.recv_into(b)
  File "D:\Python\lib\ssl.py", line 1274, in recv_into
    return self.read(nbytes, buffer)
  File "D:\Python\lib\ssl.py", line 1130, in read
    return self._sslobj.read(len, buffer)
KeyboardInterrupt

