2022-09-20 14:12:37,985 - fishTrade_main20220913.py[line:555] - INFO: 
                  ET网格智能交易系统3.0             
*************************版权声明***************************             
********************All Rights Reserved*********************             
软件开发：海易，需求订制联系微信：yyy99966             
优惠版：有效期30天，每分享一个好友，延长30天，10个延长一年

2022-09-20 14:12:37,986 - fishTrade_main20220913.py[line:142] - INFO: 初始参数设置:symbol=eth_usdt highPrice=1700.0 lowPrice=1500.0  step_num=70.0
2022-09-20 14:12:39,836 - fishTrade_main20220913.py[line:289] - ERROR: Traceback (most recent call last):
  File "E:/test_gateAPI/fishTrade_main20220913.py", line 167, in strategy
    self.market_price_tick["{}_{}".format(self.quote_cur,self.base_cur)].get("asks")[0]['p']
TypeError: 'NoneType' object is not subscriptable

2022-09-20 14:12:39,837 - fishTrade_main20220913.py[line:607] - ERROR: 'Cannot connect to proxy.', RemoteDisconnected('Remote end closed connection without response')
2022-09-20 14:12:42,649 - fishTrade_main20220913.py[line:289] - ERROR: Traceback (most recent call last):
  File "E:/test_gateAPI/fishTrade_main20220913.py", line 167, in strategy
    self.market_price_tick["{}_{}".format(self.quote_cur,self.base_cur)].get("asks")[0]['p']
TypeError: 'NoneType' object is not subscriptable

2022-09-20 14:12:42,650 - fishTrade_main20220913.py[line:607] - ERROR: 'Cannot connect to proxy.', RemoteDisconnected('Remote end closed connection without response')
2022-09-20 14:12:46,886 - fishTrade_main20220913.py[line:289] - ERROR: Traceback (most recent call last):
  File "E:/test_gateAPI/fishTrade_main20220913.py", line 167, in strategy
    self.market_price_tick["{}_{}".format(self.quote_cur,self.base_cur)].get("asks")[0]['p']
TypeError: 'NoneType' object is not subscriptable

2022-09-20 14:12:46,887 - fishTrade_main20220913.py[line:607] - ERROR: 'Cannot connect to proxy.', RemoteDisconnected('Remote end closed connection without response')
2022-09-20 14:12:49,727 - fishTrade_main20220913.py[line:289] - ERROR: Traceback (most recent call last):
  File "E:/test_gateAPI/fishTrade_main20220913.py", line 167, in strategy
    self.market_price_tick["{}_{}".format(self.quote_cur,self.base_cur)].get("asks")[0]['p']
TypeError: 'NoneType' object is not subscriptable

2022-09-20 14:12:49,728 - fishTrade_main20220913.py[line:607] - ERROR: 'Cannot connect to proxy.', RemoteDisconnected('Remote end closed connection without response')
2022-09-20 14:12:51,419 - fishTrade_main20220913.py[line:289] - ERROR: Traceback (most recent call last):
  File "E:/test_gateAPI/fishTrade_main20220913.py", line 167, in strategy
    self.market_price_tick["{}_{}".format(self.quote_cur,self.base_cur)].get("asks")[0]['p']
TypeError: 'NoneType' object is not subscriptable

2022-09-20 14:12:51,419 - fishTrade_main20220913.py[line:607] - ERROR: 'Cannot connect to proxy.', RemoteDisconnected('Remote end closed connection without response')
2022-09-20 14:12:53,241 - fishTrade_main20220913.py[line:289] - ERROR: Traceback (most recent call last):
  File "E:/test_gateAPI/fishTrade_main20220913.py", line 167, in strategy
    self.market_price_tick["{}_{}".format(self.quote_cur,self.base_cur)].get("asks")[0]['p']
TypeError: 'NoneType' object is not subscriptable

2022-09-20 14:12:53,242 - fishTrade_main20220913.py[line:607] - ERROR: 'Cannot connect to proxy.', RemoteDisconnected('Remote end closed connection without response')
2022-09-20 14:12:54,714 - fishTrade_main20220913.py[line:289] - ERROR: Traceback (most recent call last):
  File "E:/test_gateAPI/fishTrade_main20220913.py", line 167, in strategy
    self.market_price_tick["{}_{}".format(self.quote_cur,self.base_cur)].get("asks")[0]['p']
TypeError: 'NoneType' object is not subscriptable

2022-09-20 14:12:54,715 - fishTrade_main20220913.py[line:607] - ERROR: 'Cannot connect to proxy.', RemoteDisconnected('Remote end closed connection without response')
2022-09-20 14:12:56,265 - fishTrade_main20220913.py[line:289] - ERROR: Traceback (most recent call last):
  File "E:/test_gateAPI/fishTrade_main20220913.py", line 167, in strategy
    self.market_price_tick["{}_{}".format(self.quote_cur,self.base_cur)].get("asks")[0]['p']
TypeError: 'NoneType' object is not subscriptable

2022-09-20 14:12:56,266 - fishTrade_main20220913.py[line:607] - ERROR: 'Cannot connect to proxy.', RemoteDisconnected('Remote end closed connection without response')
2022-09-20 14:12:57,887 - fishTrade_main20220913.py[line:289] - ERROR: Traceback (most recent call last):
  File "E:/test_gateAPI/fishTrade_main20220913.py", line 167, in strategy
    self.market_price_tick["{}_{}".format(self.quote_cur,self.base_cur)].get("asks")[0]['p']
TypeError: 'NoneType' object is not subscriptable

2022-09-20 14:12:57,888 - fishTrade_main20220913.py[line:607] - ERROR: 'Cannot connect to proxy.', RemoteDisconnected('Remote end closed connection without response')
2022-09-20 14:12:59,529 - fishTrade_main20220913.py[line:289] - ERROR: Traceback (most recent call last):
  File "E:/test_gateAPI/fishTrade_main20220913.py", line 167, in strategy
    self.market_price_tick["{}_{}".format(self.quote_cur,self.base_cur)].get("asks")[0]['p']
TypeError: 'NoneType' object is not subscriptable

2022-09-20 14:12:59,530 - fishTrade_main20220913.py[line:607] - ERROR: 'Cannot connect to proxy.', RemoteDisconnected('Remote end closed connection without response')
2022-09-20 14:13:01,126 - fishTrade_main20220913.py[line:289] - ERROR: Traceback (most recent call last):
  File "E:/test_gateAPI/fishTrade_main20220913.py", line 167, in strategy
    self.market_price_tick["{}_{}".format(self.quote_cur,self.base_cur)].get("asks")[0]['p']
TypeError: 'NoneType' object is not subscriptable

2022-09-20 14:13:01,127 - fishTrade_main20220913.py[line:607] - ERROR: 'Cannot connect to proxy.', RemoteDisconnected('Remote end closed connection without response')
2022-09-20 14:13:02,429 - fishTrade_main20220913.py[line:289] - ERROR: Traceback (most recent call last):
  File "E:/test_gateAPI/fishTrade_main20220913.py", line 167, in strategy
    self.market_price_tick["{}_{}".format(self.quote_cur,self.base_cur)].get("asks")[0]['p']
TypeError: 'NoneType' object is not subscriptable

2022-09-20 14:13:02,429 - fishTrade_main20220913.py[line:607] - ERROR: 'Cannot connect to proxy.', RemoteDisconnected('Remote end closed connection without response')
2022-09-20 14:13:03,735 - fishTrade_main20220913.py[line:289] - ERROR: Traceback (most recent call last):
  File "E:/test_gateAPI/fishTrade_main20220913.py", line 167, in strategy
    self.market_price_tick["{}_{}".format(self.quote_cur,self.base_cur)].get("asks")[0]['p']
TypeError: 'NoneType' object is not subscriptable

2022-09-20 14:13:03,735 - fishTrade_main20220913.py[line:607] - ERROR: 'Cannot connect to proxy.', RemoteDisconnected('Remote end closed connection without response')
2022-09-20 14:13:05,350 - fishTrade_main20220913.py[line:289] - ERROR: Traceback (most recent call last):
  File "E:/test_gateAPI/fishTrade_main20220913.py", line 167, in strategy
    self.market_price_tick["{}_{}".format(self.quote_cur,self.base_cur)].get("asks")[0]['p']
TypeError: 'NoneType' object is not subscriptable

2022-09-20 14:13:05,351 - fishTrade_main20220913.py[line:607] - ERROR: 'Cannot connect to proxy.', RemoteDisconnected('Remote end closed connection without response')
2022-09-20 14:13:06,945 - fishTrade_main20220913.py[line:289] - ERROR: Traceback (most recent call last):
  File "E:/test_gateAPI/fishTrade_main20220913.py", line 167, in strategy
    self.market_price_tick["{}_{}".format(self.quote_cur,self.base_cur)].get("asks")[0]['p']
TypeError: 'NoneType' object is not subscriptable

2022-09-20 14:13:06,946 - fishTrade_main20220913.py[line:607] - ERROR: 'Cannot connect to proxy.', RemoteDisconnected('Remote end closed connection without response')
