2022-09-20 19:00:41,488 - fishTrade_main20220913.py[line:560] - INFO: 
                  ET网格智能交易系统3.0             
*************************版权声明***************************             
********************All Rights Reserved*********************             
软件开发：海易，需求订制联系微信：yyy99966             
优惠版：有效期30天，每分享一个好友，延长30天，10个延长一年

2022-09-20 19:00:41,489 - fishTrade_main20220913.py[line:143] - INFO: 初始参数设置:symbol=eth_usdt highPrice=1700.0 lowPrice=1500.0  step_num=70.0
2022-09-20 19:00:44,033 - fishTrade_main20220913.py[line:294] - ERROR: Traceback (most recent call last):
  File "E:/test_gateAPI/fishTrade_main20220913.py", line 201, in strategy
    lastOrderPrice,amount,_type=huobi_market.get_last_order_price(symbol)
  File "E:\test_gateAPI\marketHelper1005.py", line 226, in get_last_order_price
    d2 = uh.get_today()
NameError: name 'uh' is not defined

2022-09-20 19:00:46,034 - fishTrade_main20220913.py[line:613] - ERROR: 'Cannot connect to proxy.', RemoteDisconnected('Remote end closed connection without response')
2022-09-20 19:00:48,728 - fishTrade_main20220913.py[line:294] - ERROR: Traceback (most recent call last):
  File "E:/test_gateAPI/fishTrade_main20220913.py", line 201, in strategy
    lastOrderPrice,amount,_type=huobi_market.get_last_order_price(symbol)
  File "E:\test_gateAPI\marketHelper1005.py", line 226, in get_last_order_price
    d2 = uh.get_today()
NameError: name 'uh' is not defined

2022-09-20 19:00:50,729 - fishTrade_main20220913.py[line:613] - ERROR: 'Cannot connect to proxy.', RemoteDisconnected('Remote end closed connection without response')
2022-09-20 19:00:53,518 - fishTrade_main20220913.py[line:294] - ERROR: Traceback (most recent call last):
  File "E:/test_gateAPI/fishTrade_main20220913.py", line 201, in strategy
    lastOrderPrice,amount,_type=huobi_market.get_last_order_price(symbol)
  File "E:\test_gateAPI\marketHelper1005.py", line 226, in get_last_order_price
    d2 = uh.get_today()
NameError: name 'uh' is not defined

2022-09-20 19:00:55,519 - fishTrade_main20220913.py[line:613] - ERROR: 'Cannot connect to proxy.', RemoteDisconnected('Remote end closed connection without response')
