2022-09-19 00:49:57,004 - fishTrade_main20220913.py[line:555] - INFO: 
                  ET网格智能交易系统3.0             
*************************版权声明***************************             
********************All Rights Reserved*********************             
软件开发：海易，需求订制联系微信：yyy99966             
优惠版：有效期30天，每分享一个好友，延长30天，10个延长一年

2022-09-19 00:49:57,004 - fishTrade_main20220913.py[line:142] - INFO: 初始参数设置:symbol=eth_usdt highPrice=1700.0 lowPrice=1500.0  step_num=70.0
2022-09-19 00:49:58,435 - fishTrade_main20220913.py[line:289] - ERROR: Traceback (most recent call last):
  File "E:\GitHub_rep\test_gateAPI\fishTrade_main20220913.py", line 167, in strategy
    self.market_price_tick["{}_{}".format(self.quote_cur,self.base_cur)].get("asks")[0]['p']
TypeError: 'NoneType' object is not subscriptable

2022-09-19 00:49:58,436 - fishTrade_main20220913.py[line:607] - ERROR: 'Cannot connect to proxy.', RemoteDisconnected('Remote end closed connection without response')
2022-09-19 00:49:59,560 - fishTrade_main20220913.py[line:289] - ERROR: Traceback (most recent call last):
  File "E:\GitHub_rep\test_gateAPI\fishTrade_main20220913.py", line 167, in strategy
    self.market_price_tick["{}_{}".format(self.quote_cur,self.base_cur)].get("asks")[0]['p']
TypeError: 'NoneType' object is not subscriptable

2022-09-19 00:49:59,560 - fishTrade_main20220913.py[line:607] - ERROR: 'Cannot connect to proxy.', RemoteDisconnected('Remote end closed connection without response')
2022-09-19 00:50:00,877 - fishTrade_main20220913.py[line:289] - ERROR: Traceback (most recent call last):
  File "E:\GitHub_rep\test_gateAPI\fishTrade_main20220913.py", line 167, in strategy
    self.market_price_tick["{}_{}".format(self.quote_cur,self.base_cur)].get("asks")[0]['p']
TypeError: 'NoneType' object is not subscriptable

2022-09-19 00:50:00,878 - fishTrade_main20220913.py[line:607] - ERROR: 'Cannot connect to proxy.', RemoteDisconnected('Remote end closed connection without response')
2022-09-19 00:50:03,195 - fishTrade_main20220913.py[line:289] - ERROR: Traceback (most recent call last):
  File "E:\GitHub_rep\test_gateAPI\fishTrade_main20220913.py", line 167, in strategy
    self.market_price_tick["{}_{}".format(self.quote_cur,self.base_cur)].get("asks")[0]['p']
TypeError: 'NoneType' object is not subscriptable

2022-09-19 00:50:03,195 - fishTrade_main20220913.py[line:607] - ERROR: 'Cannot connect to proxy.', RemoteDisconnected('Remote end closed connection without response')
2022-09-19 00:50:04,716 - fishTrade_main20220913.py[line:289] - ERROR: Traceback (most recent call last):
  File "E:\GitHub_rep\test_gateAPI\fishTrade_main20220913.py", line 167, in strategy
    self.market_price_tick["{}_{}".format(self.quote_cur,self.base_cur)].get("asks")[0]['p']
TypeError: 'NoneType' object is not subscriptable

2022-09-19 00:50:04,716 - fishTrade_main20220913.py[line:607] - ERROR: 'Cannot connect to proxy.', RemoteDisconnected('Remote end closed connection without response')
2022-09-19 00:50:05,672 - fishTrade_main20220913.py[line:289] - ERROR: Traceback (most recent call last):
  File "E:\GitHub_rep\test_gateAPI\fishTrade_main20220913.py", line 167, in strategy
    self.market_price_tick["{}_{}".format(self.quote_cur,self.base_cur)].get("asks")[0]['p']
TypeError: 'NoneType' object is not subscriptable

2022-09-19 00:50:05,672 - fishTrade_main20220913.py[line:607] - ERROR: 'Cannot connect to proxy.', RemoteDisconnected('Remote end closed connection without response')
2022-09-19 00:50:05,908 - fishTrade_main20220913.py[line:289] - ERROR: Traceback (most recent call last):
  File "E:\GitHub_rep\test_gateAPI\fishTrade_main20220913.py", line 157, in strategy
    huobi_market = marketHelper.Market()
  File "E:\GitHub_rep\test_gateAPI\marketHelper1005.py", line 39, in __init__
    r = requests.request('GET', acfg.gateApi + prefix + url, headers=headers)
  File "D:\Python\lib\site-packages\requests\api.py", line 59, in request
    return session.request(method=method, url=url, **kwargs)
  File "D:\Python\lib\site-packages\requests\sessions.py", line 587, in request
    resp = self.send(prep, **send_kwargs)
  File "D:\Python\lib\site-packages\requests\sessions.py", line 701, in send
    r = adapter.send(request, **kwargs)
  File "D:\Python\lib\site-packages\requests\adapters.py", line 489, in send
    resp = conn.urlopen(
  File "D:\Python\lib\site-packages\urllib3\connectionpool.py", line 703, in urlopen
    httplib_response = self._make_request(
  File "D:\Python\lib\site-packages\urllib3\connectionpool.py", line 386, in _make_request
    self._validate_conn(conn)
  File "D:\Python\lib\site-packages\urllib3\connectionpool.py", line 1042, in _validate_conn
    conn.connect()
  File "D:\Python\lib\site-packages\urllib3\connection.py", line 414, in connect
    self.sock = ssl_wrap_socket(
  File "D:\Python\lib\site-packages\urllib3\util\ssl_.py", line 449, in ssl_wrap_socket
    ssl_sock = _ssl_wrap_socket_impl(
  File "D:\Python\lib\site-packages\urllib3\util\ssl_.py", line 493, in _ssl_wrap_socket_impl
    return ssl_context.wrap_socket(sock, server_hostname=server_hostname)
  File "D:\Python\lib\ssl.py", line 513, in wrap_socket
    return self.sslsocket_class._create(
  File "D:\Python\lib\ssl.py", line 1071, in _create
    self.do_handshake()
  File "D:\Python\lib\ssl.py", line 1342, in do_handshake
    self._sslobj.do_handshake()
KeyboardInterrupt

2022-09-19 00:50:05,913 - fishTrade_main20220913.py[line:607] - ERROR: 'Cannot connect to proxy.', RemoteDisconnected('Remote end closed connection without response')
2022-09-19 00:50:07,381 - fishTrade_main20220913.py[line:289] - ERROR: Traceback (most recent call last):
  File "E:\GitHub_rep\test_gateAPI\fishTrade_main20220913.py", line 167, in strategy
    self.market_price_tick["{}_{}".format(self.quote_cur,self.base_cur)].get("asks")[0]['p']
TypeError: 'NoneType' object is not subscriptable

2022-09-19 00:50:07,382 - fishTrade_main20220913.py[line:607] - ERROR: 'Cannot connect to proxy.', RemoteDisconnected('Remote end closed connection without response')
