2022-09-24 09:54:14,801 - fishTrade_main20220913.py[line:559] - INFO: 
                  ET网格智能交易系统3.0             
*************************版权声明***************************             
********************All Rights Reserved*********************             
软件开发：海易，需求订制联系微信：yyy99966             
优惠版：有效期30天，每分享一个好友，延长30天，10个延长一年

2022-09-24 09:54:14,801 - fishTrade_main20220913.py[line:142] - INFO: 初始参数设置:symbol=eth_usdt highPrice=1700.0 lowPrice=1500.0  step_num=70.0
2022-09-24 09:54:16,566 - fishTrade_main20220913.py[line:293] - ERROR: Traceback (most recent call last):
  File "E:\GitHub_rep\test_gateAPI\fishTrade_main20220913.py", line 200, in strategy
    lastOrderPrice,amount,_type=huobi_market.get_last_order_price(symbol)
  File "E:\GitHub_rep\test_gateAPI\marketHelper1005.py", line 238, in get_last_order_price
    if result.get("status") == "ok":
AttributeError: 'tuple' object has no attribute 'get'

2022-09-24 09:54:18,578 - fishTrade_main20220913.py[line:612] - ERROR: 'Cannot connect to proxy.', RemoteDisconnected('Remote end closed connection without response')
2022-09-24 09:54:20,280 - fishTrade_main20220913.py[line:293] - ERROR: Traceback (most recent call last):
  File "E:\GitHub_rep\test_gateAPI\fishTrade_main20220913.py", line 200, in strategy
    lastOrderPrice,amount,_type=huobi_market.get_last_order_price(symbol)
  File "E:\GitHub_rep\test_gateAPI\marketHelper1005.py", line 238, in get_last_order_price
    if result.get("status") == "ok":
AttributeError: 'tuple' object has no attribute 'get'

2022-09-24 09:54:22,290 - fishTrade_main20220913.py[line:612] - ERROR: 'Cannot connect to proxy.', RemoteDisconnected('Remote end closed connection without response')
2022-09-24 09:54:24,371 - fishTrade_main20220913.py[line:293] - ERROR: Traceback (most recent call last):
  File "E:\GitHub_rep\test_gateAPI\fishTrade_main20220913.py", line 200, in strategy
    lastOrderPrice,amount,_type=huobi_market.get_last_order_price(symbol)
  File "E:\GitHub_rep\test_gateAPI\marketHelper1005.py", line 238, in get_last_order_price
    if result.get("status") == "ok":
AttributeError: 'tuple' object has no attribute 'get'

